<?xml version="1.0" encoding="UTF-8"?>
<testng-results skipped="0" failed="0" ignored="0" total="1" passed="1">
  <reporter-output>
  </reporter-output>
  <suite name="com.qainfotech.automation.hris_login.AppTest" duration-ms="6281" started-at="2018-06-22T05:50:12Z" finished-at="2018-06-22T05:50:19Z">
    <groups>
    </groups>
    <test name="Command line test" duration-ms="6281" started-at="2018-06-22T05:50:12Z" finished-at="2018-06-22T05:50:19Z">
      <class name="com.qainfotech.automation.hris_login.AppTest">
        <test-method status="PASS" signature="launchBrowser()[pri:0, instance:com.qainfotech.automation.hris_login.AppTest@2af004b]" name="launchBrowser" is-config="true" duration-ms="1965" started-at="2018-06-22T05:50:12Z" finished-at="2018-06-22T05:50:14Z">
          <reporter-output>
          </reporter-output>
        </test-method> <!-- launchBrowser -->
        <test-method status="PASS" signature="hrisAppTest()[pri:0, instance:com.qainfotech.automation.hris_login.AppTest@2af004b]" name="hrisAppTest" duration-ms="4287" started-at="2018-06-22T05:50:14Z" finished-at="2018-06-22T05:50:19Z">
          <reporter-output>
          </reporter-output>
        </test-method> <!-- hrisAppTest -->
      </class> <!-- com.qainfotech.automation.hris_login.AppTest -->
    </test> <!-- Command line test -->
  </suite> <!-- com.qainfotech.automation.hris_login.AppTest -->
</testng-results>
