<?xml version="1.0" encoding="UTF-8"?>
<testng-results skipped="0" failed="0" ignored="0" total="1" passed="1">
  <reporter-output>
  </reporter-output>
  <suite name="Default suite" duration-ms="6376" started-at="2018-06-22T08:23:04Z" finished-at="2018-06-22T08:23:11Z">
    <groups>
    </groups>
    <test name="Default test" duration-ms="6376" started-at="2018-06-22T08:23:04Z" finished-at="2018-06-22T08:23:11Z">
      <class name="com.qainfotech.automation.hris_login.AppTest">
        <test-method status="PASS" signature="launchBrowserAndLoginHris()[pri:0, instance:com.qainfotech.automation.hris_login.AppTest@6f01b95f]" name="launchBrowserAndLoginHris" is-config="true" duration-ms="4858" started-at="2018-06-22T08:23:04Z" finished-at="2018-06-22T08:23:09Z">
          <reporter-output>
          </reporter-output>
        </test-method> <!-- launchBrowserAndLoginHris -->
        <test-method status="PASS" signature="login_form_should_not_be_present()[pri:0, instance:com.qainfotech.automation.hris_login.AppTest@6f01b95f]" name="login_form_should_not_be_present" duration-ms="807" started-at="2018-06-22T08:23:09Z" finished-at="2018-06-22T08:23:10Z">
          <reporter-output>
          </reporter-output>
        </test-method> <!-- login_form_should_not_be_present -->
        <test-method status="PASS" signature="closeBrowser()[pri:0, instance:com.qainfotech.automation.hris_login.AppTest@6f01b95f]" name="closeBrowser" is-config="true" duration-ms="668" started-at="2018-06-22T08:23:10Z" finished-at="2018-06-22T08:23:11Z">
          <reporter-output>
          </reporter-output>
        </test-method> <!-- closeBrowser -->
      </class> <!-- com.qainfotech.automation.hris_login.AppTest -->
    </test> <!-- Default test -->
  </suite> <!-- Default suite -->
</testng-results>
